<?xml version="1.0" encoding="UTF-8"?>
<testng-results ignored="0" total="6" passed="6" failed="0" skipped="0">
  <reporter-output>
  </reporter-output>
  <suite started-at="2024-10-24T17:19:44 EEST" name="Surefire suite" finished-at="2024-10-24T17:19:55 EEST" duration-ms="10619">
    <groups>
      <group name="cucumber">
        <method signature="AbstractTestNGCucumberTests.runScenario(io.cucumber.testng.PickleWrapper,io.cucumber.testng.FeatureWrapper)[pri:0, instance:com.example.RunCucumberTest@79b06cab]" name="runScenario" class="io.cucumber.testng.AbstractTestNGCucumberTests"/>
      </group> <!-- cucumber -->
    </groups>
    <test started-at="2024-10-24T17:19:44 EEST" name="Surefire test" finished-at="2024-10-24T17:19:55 EEST" duration-ms="10619">
      <class name="com.example.RunCucumberTest">
        <test-method is-config="true" signature="setUpClass(org.testng.ITestContext)[pri:0, instance:com.example.RunCucumberTest@79b06cab]" started-at="2024-10-24T17:19:44 EEST" name="setUpClass" finished-at="2024-10-24T17:19:45 EEST" duration-ms="1279" status="PASS">
          <params>
            <param index="0">
              <value>
                <![CDATA[org.testng.TestRunner@48bc2fce]]>
              </value>
            </param>
          </params>
          <reporter-output>
          </reporter-output>
        </test-method> <!-- setUpClass -->
        <test-method signature="runScenario(io.cucumber.testng.PickleWrapper,io.cucumber.testng.FeatureWrapper)[pri:0, instance:com.example.RunCucumberTest@79b06cab]" started-at="2024-10-24T17:19:45 EEST" name="runScenario" description="Runs Cucumber Scenarios" data-provider="scenarios" finished-at="2024-10-24T17:19:46 EEST" duration-ms="1044" status="PASS">
          <params>
            <param index="0">
              <value>
                <![CDATA["Add products to cart and remove them"]]>
              </value>
            </param>
            <param index="1">
              <value>
                <![CDATA["Cart Operations"]]>
              </value>
            </param>
          </params>
          <reporter-output>
          </reporter-output>
        </test-method> <!-- runScenario -->
        <test-method signature="runScenario(io.cucumber.testng.PickleWrapper,io.cucumber.testng.FeatureWrapper)[pri:0, instance:com.example.RunCucumberTest@79b06cab]" started-at="2024-10-24T17:19:46 EEST" name="runScenario" description="Runs Cucumber Scenarios" data-provider="scenarios" finished-at="2024-10-24T17:19:47 EEST" duration-ms="570" status="PASS">
          <params>
            <param index="0">
              <value>
                <![CDATA["Add products to cart and remove them"]]>
              </value>
            </param>
            <param index="1">
              <value>
                <![CDATA["Cart Operations"]]>
              </value>
            </param>
          </params>
          <reporter-output>
          </reporter-output>
        </test-method> <!-- runScenario -->
        <test-method signature="runScenario(io.cucumber.testng.PickleWrapper,io.cucumber.testng.FeatureWrapper)[pri:0, instance:com.example.RunCucumberTest@79b06cab]" started-at="2024-10-24T17:19:47 EEST" name="runScenario" description="Runs Cucumber Scenarios" data-provider="scenarios" finished-at="2024-10-24T17:19:48 EEST" duration-ms="769" status="PASS">
          <params>
            <param index="0">
              <value>
                <![CDATA["Add products to cart and remove them"]]>
              </value>
            </param>
            <param index="1">
              <value>
                <![CDATA["Cart Operations"]]>
              </value>
            </param>
          </params>
          <reporter-output>
          </reporter-output>
        </test-method> <!-- runScenario -->
        <test-method signature="runScenario(io.cucumber.testng.PickleWrapper,io.cucumber.testng.FeatureWrapper)[pri:0, instance:com.example.RunCucumberTest@79b06cab]" started-at="2024-10-24T17:19:48 EEST" name="runScenario" description="Runs Cucumber Scenarios" data-provider="scenarios" finished-at="2024-10-24T17:19:49 EEST" duration-ms="1589" status="PASS">
          <params>
            <param index="0">
              <value>
                <![CDATA["Complete purchase and verify"]]>
              </value>
            </param>
            <param index="1">
              <value>
                <![CDATA["Cart Operations"]]>
              </value>
            </param>
          </params>
          <reporter-output>
          </reporter-output>
        </test-method> <!-- runScenario -->
        <test-method signature="runScenario(io.cucumber.testng.PickleWrapper,io.cucumber.testng.FeatureWrapper)[pri:0, instance:com.example.RunCucumberTest@79b06cab]" started-at="2024-10-24T17:19:49 EEST" name="runScenario" description="Runs Cucumber Scenarios" data-provider="scenarios" finished-at="2024-10-24T17:19:51 EEST" duration-ms="1502" status="PASS">
          <params>
            <param index="0">
              <value>
                <![CDATA["Complete purchase and verify"]]>
              </value>
            </param>
            <param index="1">
              <value>
                <![CDATA["Cart Operations"]]>
              </value>
            </param>
          </params>
          <reporter-output>
          </reporter-output>
        </test-method> <!-- runScenario -->
        <test-method signature="runScenario(io.cucumber.testng.PickleWrapper,io.cucumber.testng.FeatureWrapper)[pri:0, instance:com.example.RunCucumberTest@79b06cab]" started-at="2024-10-24T17:19:51 EEST" name="runScenario" description="Runs Cucumber Scenarios" data-provider="scenarios" finished-at="2024-10-24T17:19:52 EEST" duration-ms="1531" status="PASS">
          <params>
            <param index="0">
              <value>
                <![CDATA["Complete purchase and verify"]]>
              </value>
            </param>
            <param index="1">
              <value>
                <![CDATA["Cart Operations"]]>
              </value>
            </param>
          </params>
          <reporter-output>
          </reporter-output>
        </test-method> <!-- runScenario -->
        <test-method is-config="true" signature="tearDownClass()[pri:0, instance:com.example.RunCucumberTest@79b06cab]" started-at="2024-10-24T17:19:52 EEST" name="tearDownClass" finished-at="2024-10-24T17:19:55 EEST" duration-ms="2307" status="PASS">
          <reporter-output>
          </reporter-output>
        </test-method> <!-- tearDownClass -->
      </class> <!-- com.example.RunCucumberTest -->
    </test> <!-- Surefire test -->
  </suite> <!-- Surefire suite -->
</testng-results>
