<?xml version="1.0" encoding="UTF-8"?>
<testng-results ignored="0" total="6" passed="6" failed="0" skipped="0">
  <reporter-output>
  </reporter-output>
  <suite started-at="2024-10-24T21:57:32 EEST" name="Surefire suite" finished-at="2024-10-24T21:57:41 EEST" duration-ms="9025">
    <groups>
      <group name="cucumber">
        <method signature="AbstractTestNGCucumberTests.runScenario(io.cucumber.testng.PickleWrapper,io.cucumber.testng.FeatureWrapper)[pri:0, instance:com.example.RunCucumberTest@79b06cab]" name="runScenario" class="io.cucumber.testng.AbstractTestNGCucumberTests"/>
      </group> <!-- cucumber -->
    </groups>
    <test started-at="2024-10-24T21:57:32 EEST" name="Surefire test" finished-at="2024-10-24T21:57:41 EEST" duration-ms="9025">
      <class name="com.example.RunCucumberTest">
        <test-method is-config="true" signature="setUpClass(org.testng.ITestContext)[pri:0, instance:com.example.RunCucumberTest@79b06cab]" started-at="2024-10-24T21:57:32 EEST" name="setUpClass" finished-at="2024-10-24T21:57:33 EEST" duration-ms="1104" status="PASS">
          <params>
            <param index="0">
              <value>
                <![CDATA[org.testng.TestRunner@5a4d4f9c]]>
              </value>
            </param>
          </params>
          <reporter-output>
          </reporter-output>
        </test-method> <!-- setUpClass -->
        <test-method signature="runScenario(io.cucumber.testng.PickleWrapper,io.cucumber.testng.FeatureWrapper)[pri:0, instance:com.example.RunCucumberTest@79b06cab]" started-at="2024-10-24T21:57:33 EEST" name="runScenario" description="Runs Cucumber Scenarios" data-provider="scenarios" finished-at="2024-10-24T21:57:34 EEST" duration-ms="908" status="PASS">
          <params>
            <param index="0">
              <value>
                <![CDATA["Add products to cart and remove them"]]>
              </value>
            </param>
            <param index="1">
              <value>
                <![CDATA["Cart Operations"]]>
              </value>
            </param>
          </params>
          <reporter-output>
          </reporter-output>
        </test-method> <!-- runScenario -->
        <test-method signature="runScenario(io.cucumber.testng.PickleWrapper,io.cucumber.testng.FeatureWrapper)[pri:0, instance:com.example.RunCucumberTest@79b06cab]" started-at="2024-10-24T21:57:34 EEST" name="runScenario" description="Runs Cucumber Scenarios" data-provider="scenarios" finished-at="2024-10-24T21:57:35 EEST" duration-ms="711" status="PASS">
          <params>
            <param index="0">
              <value>
                <![CDATA["Add products to cart and remove them"]]>
              </value>
            </param>
            <param index="1">
              <value>
                <![CDATA["Cart Operations"]]>
              </value>
            </param>
          </params>
          <reporter-output>
          </reporter-output>
        </test-method> <!-- runScenario -->
        <test-method signature="runScenario(io.cucumber.testng.PickleWrapper,io.cucumber.testng.FeatureWrapper)[pri:0, instance:com.example.RunCucumberTest@79b06cab]" started-at="2024-10-24T21:57:35 EEST" name="runScenario" description="Runs Cucumber Scenarios" data-provider="scenarios" finished-at="2024-10-24T21:57:36 EEST" duration-ms="764" status="PASS">
          <params>
            <param index="0">
              <value>
                <![CDATA["Add products to cart and remove them"]]>
              </value>
            </param>
            <param index="1">
              <value>
                <![CDATA["Cart Operations"]]>
              </value>
            </param>
          </params>
          <reporter-output>
          </reporter-output>
        </test-method> <!-- runScenario -->
        <test-method signature="runScenario(io.cucumber.testng.PickleWrapper,io.cucumber.testng.FeatureWrapper)[pri:0, instance:com.example.RunCucumberTest@79b06cab]" started-at="2024-10-24T21:57:36 EEST" name="runScenario" description="Runs Cucumber Scenarios" data-provider="scenarios" finished-at="2024-10-24T21:57:37 EEST" duration-ms="1619" status="PASS">
          <params>
            <param index="0">
              <value>
                <![CDATA["Complete purchase and verify"]]>
              </value>
            </param>
            <param index="1">
              <value>
                <![CDATA["Cart Operations"]]>
              </value>
            </param>
          </params>
          <reporter-output>
          </reporter-output>
        </test-method> <!-- runScenario -->
        <test-method signature="runScenario(io.cucumber.testng.PickleWrapper,io.cucumber.testng.FeatureWrapper)[pri:0, instance:com.example.RunCucumberTest@79b06cab]" started-at="2024-10-24T21:57:37 EEST" name="runScenario" description="Runs Cucumber Scenarios" data-provider="scenarios" finished-at="2024-10-24T21:57:39 EEST" duration-ms="1612" status="PASS">
          <params>
            <param index="0">
              <value>
                <![CDATA["Complete purchase and verify"]]>
              </value>
            </param>
            <param index="1">
              <value>
                <![CDATA["Cart Operations"]]>
              </value>
            </param>
          </params>
          <reporter-output>
          </reporter-output>
        </test-method> <!-- runScenario -->
        <test-method signature="runScenario(io.cucumber.testng.PickleWrapper,io.cucumber.testng.FeatureWrapper)[pri:0, instance:com.example.RunCucumberTest@79b06cab]" started-at="2024-10-24T21:57:39 EEST" name="runScenario" description="Runs Cucumber Scenarios" data-provider="scenarios" finished-at="2024-10-24T21:57:40 EEST" duration-ms="1521" status="PASS">
          <params>
            <param index="0">
              <value>
                <![CDATA["Complete purchase and verify"]]>
              </value>
            </param>
            <param index="1">
              <value>
                <![CDATA["Cart Operations"]]>
              </value>
            </param>
          </params>
          <reporter-output>
          </reporter-output>
        </test-method> <!-- runScenario -->
        <test-method is-config="true" signature="tearDownClass()[pri:0, instance:com.example.RunCucumberTest@79b06cab]" started-at="2024-10-24T21:57:40 EEST" name="tearDownClass" finished-at="2024-10-24T21:57:41 EEST" duration-ms="759" status="PASS">
          <reporter-output>
          </reporter-output>
        </test-method> <!-- tearDownClass -->
      </class> <!-- com.example.RunCucumberTest -->
    </test> <!-- Surefire test -->
  </suite> <!-- Surefire suite -->
</testng-results>
